<?xml version="1.0" encoding="UTF-8"?>
<coverage generated="1775483691499" clover="3.2.0">
  <project timestamp="1775483691500" name="All files">
    <metrics statements="227" coveredstatements="196" conditionals="159" coveredconditionals="125" methods="40" coveredmethods="34" elements="426" coveredelements="355" complexity="0" loc="227" ncloc="227" packages="2" files="6" classes="6"/>
    <package name="data">
      <metrics statements="7" coveredstatements="6" conditionals="0" coveredconditionals="0" methods="7" coveredmethods="5"/>
      <file name="claudekit-full-commands-catalog.ts" path="D:\project\Clone\ck\claudekit-chatbot-astro\src\data\claudekit-full-commands-catalog.ts">
        <metrics statements="7" coveredstatements="6" conditionals="0" coveredconditionals="0" methods="7" coveredmethods="5"/>
        <line num="18" count="4" type="stmt"/>
        <line num="345" count="4" type="stmt"/>
        <line num="679" count="4" type="stmt"/>
        <line num="681" count="252" type="stmt"/>
        <line num="684" count="1" type="stmt"/>
        <line num="688" count="63" type="stmt"/>
        <line num="692" count="0" type="stmt"/>
      </file>
      <file name="commands.ts" path="D:\project\Clone\ck\claudekit-chatbot-astro\src\data\commands.ts">
        <metrics statements="0" coveredstatements="0" conditionals="0" coveredconditionals="0" methods="0" coveredmethods="0"/>
      </file>
    </package>
    <package name="lib">
      <metrics statements="220" coveredstatements="190" conditionals="159" coveredconditionals="125" methods="33" coveredmethods="29"/>
      <file name="command-recommender.ts" path="D:\project\Clone\ck\claudekit-chatbot-astro\src\lib\command-recommender.ts">
        <metrics statements="60" coveredstatements="56" conditionals="37" coveredconditionals="34" methods="12" coveredmethods="9"/>
        <line num="17" count="2" type="stmt"/>
        <line num="60" count="25" type="stmt"/>
        <line num="62" count="25" type="stmt"/>
        <line num="63" count="159" type="stmt"/>
        <line num="64" count="759" type="cond" truecount="2" falsecount="0"/>
        <line num="65" count="23" type="stmt"/>
        <line num="70" count="2" type="stmt"/>
        <line num="74" count="0" type="stmt"/>
        <line num="77" count="0" type="stmt"/>
        <line num="79" count="0" type="stmt"/>
        <line num="83" count="2394" type="stmt"/>
        <line num="84" count="2394" type="stmt"/>
        <line num="85" count="2394" type="stmt"/>
        <line num="86" count="2394" type="stmt"/>
        <line num="87" count="2394" type="stmt"/>
        <line num="88" count="2394" type="cond" truecount="2" falsecount="0"/>
        <line num="89" count="46" type="stmt"/>
        <line num="95" count="2394" type="stmt"/>
        <line num="102" count="38" type="stmt"/>
        <line num="104" count="38" type="stmt"/>
        <line num="106" count="38" type="stmt"/>
        <line num="107" count="2394" type="stmt"/>
        <line num="108" count="2394" type="stmt"/>
        <line num="111" count="2394" type="stmt"/>
        <line num="112" count="12806" type="cond" truecount="2" falsecount="0"/>
        <line num="113" count="86" type="stmt"/>
        <line num="114" count="86" type="stmt"/>
        <line num="119" count="2394" type="stmt"/>
        <line num="122" count="2394" type="stmt"/>
        <line num="123" count="7220" type="cond" truecount="2" falsecount="0"/>
        <line num="124" count="1" type="stmt"/>
        <line num="129" count="2394" type="cond" truecount="4" falsecount="0"/>
        <line num="130" count="33" type="stmt"/>
        <line num="133" count="2394" type="cond" truecount="2" falsecount="0"/>
        <line num="134" count="62" type="cond" truecount="1" falsecount="1"/>
        <line num="138" count="62" type="stmt"/>
        <line num="148" count="39" type="stmt"/>
        <line num="150" count="38" type="cond" truecount="2" falsecount="0"/>
        <line num="151" count="38" type="stmt"/>
        <line num="154" count="38" type="cond" truecount="2" falsecount="0"/>
        <line num="158" count="38" type="stmt"/>
        <line num="170" count="208" type="cond" truecount="2" falsecount="0"/>
        <line num="172" count="8" type="cond" truecount="2" falsecount="0"/>
        <line num="173" count="3" type="stmt"/>
        <line num="174" count="3" type="stmt"/>
        <line num="181" count="5" type="stmt"/>
        <line num="182" count="5" type="stmt"/>
        <line num="184" count="8" type="cond" truecount="5" falsecount="0"/>
        <line num="185" count="1" type="stmt"/>
        <line num="191" count="4" type="stmt"/>
        <line num="199" count="6" type="stmt"/>
        <line num="202" count="6" type="stmt"/>
        <line num="203" count="378" type="cond" truecount="2" falsecount="0"/>
        <line num="205" count="6" type="stmt"/>
        <line num="208" count="6" type="cond" truecount="2" falsecount="0"/>
        <line num="209" count="5" type="stmt"/>
        <line num="210" count="1260" type="stmt"/>
        <line num="211" count="20" type="cond" truecount="2" falsecount="2"/>
        <line num="212" count="0" type="stmt"/>
        <line num="217" count="6" type="stmt"/>
      </file>
      <file name="firepass-client.ts" path="D:\project\Clone\ck\claudekit-chatbot-astro\src\lib\firepass-client.ts">
        <metrics statements="117" coveredstatements="91" conditionals="92" coveredconditionals="63" methods="5" coveredmethods="4"/>
        <line num="40" count="1" type="stmt"/>
        <line num="179" count="19" type="stmt"/>
        <line num="180" count="19" type="cond" truecount="2" falsecount="0"/>
        <line num="181" count="19" type="cond" truecount="2" falsecount="0"/>
        <line num="183" count="19" type="stmt"/>
        <line num="201" count="18" type="cond" truecount="2" falsecount="0"/>
        <line num="202" count="2" type="stmt"/>
        <line num="205" count="16" type="stmt"/>
        <line num="206" count="16" type="stmt"/>
        <line num="208" count="19" type="cond" truecount="2" falsecount="0"/>
        <line num="209" count="2" type="stmt"/>
        <line num="212" count="14" type="stmt"/>
        <line num="216" count="0" type="stmt"/>
        <line num="217" count="0" type="cond" truecount="0" falsecount="3"/>
        <line num="218" count="0" type="cond" truecount="0" falsecount="2"/>
        <line num="220" count="0" type="stmt"/>
        <line num="244" count="0" type="cond" truecount="0" falsecount="2"/>
        <line num="245" count="0" type="stmt"/>
        <line num="248" count="0" type="stmt"/>
        <line num="249" count="0" type="stmt"/>
        <line num="251" count="0" type="cond" truecount="0" falsecount="2"/>
        <line num="252" count="0" type="stmt"/>
        <line num="255" count="0" type="stmt"/>
        <line num="265" count="2" type="stmt"/>
        <line num="266" count="2" type="cond" truecount="2" falsecount="0"/>
        <line num="267" count="2" type="cond" truecount="2" falsecount="0"/>
        <line num="269" count="2" type="stmt"/>
        <line num="288" count="2" type="cond" truecount="1" falsecount="1"/>
        <line num="289" count="0" type="stmt"/>
        <line num="292" count="2" type="cond" truecount="2" falsecount="0"/>
        <line num="293" count="1" type="stmt"/>
        <line num="296" count="1" type="stmt"/>
        <line num="297" count="1" type="stmt"/>
        <line num="298" count="1" type="stmt"/>
        <line num="299" count="1" type="stmt"/>
        <line num="301" count="1" type="stmt"/>
        <line num="302" count="1" type="stmt"/>
        <line num="303" count="5" type="stmt"/>
        <line num="305" count="5" type="cond" truecount="2" falsecount="0"/>
        <line num="306" count="1" type="stmt"/>
        <line num="310" count="4" type="stmt"/>
        <line num="311" count="4" type="stmt"/>
        <line num="314" count="4" type="stmt"/>
        <line num="315" count="4" type="cond" truecount="2" falsecount="0"/>
        <line num="317" count="5" type="stmt"/>
        <line num="318" count="8" type="stmt"/>
        <line num="321" count="8" type="cond" truecount="4" falsecount="0"/>
        <line num="322" count="5" type="stmt"/>
        <line num="326" count="3" type="cond" truecount="1" falsecount="1"/>
        <line num="327" count="3" type="stmt"/>
        <line num="329" count="3" type="stmt"/>
        <line num="330" count="3" type="stmt"/>
        <line num="331" count="3" type="cond" truecount="1" falsecount="1"/>
        <line num="333" count="3" type="cond" truecount="1" falsecount="1"/>
        <line num="334" count="3" type="stmt"/>
        <line num="337" count="3" type="stmt"/>
        <line num="338" count="3" type="stmt"/>
        <line num="340" count="3" type="stmt"/>
        <line num="341" count="3" type="stmt"/>
        <line num="346" count="3" type="stmt"/>
        <line num="367" count="1" type="cond" truecount="2" falsecount="2"/>
        <line num="368" count="0" type="stmt"/>
        <line num="369" count="0" type="stmt"/>
        <line num="370" count="0" type="stmt"/>
        <line num="371" count="0" type="cond" truecount="0" falsecount="2"/>
        <line num="372" count="0" type="cond" truecount="0" falsecount="2"/>
        <line num="373" count="0" type="stmt"/>
        <line num="381" count="1" type="stmt"/>
        <line num="382" count="1" type="stmt"/>
        <line num="384" count="1" type="stmt"/>
        <line num="391" count="1" type="stmt"/>
        <line num="403" count="5" type="stmt"/>
        <line num="404" count="5" type="cond" truecount="2" falsecount="0"/>
        <line num="405" count="5" type="cond" truecount="2" falsecount="0"/>
        <line num="407" count="5" type="stmt"/>
        <line num="408" count="5" type="stmt"/>
        <line num="427" count="5" type="cond" truecount="2" falsecount="0"/>
        <line num="428" count="1" type="stmt"/>
        <line num="431" count="4" type="cond" truecount="1" falsecount="1"/>
        <line num="432" count="0" type="stmt"/>
        <line num="435" count="4" type="stmt"/>
        <line num="436" count="4" type="stmt"/>
        <line num="437" count="4" type="stmt"/>
        <line num="438" count="4" type="stmt"/>
        <line num="440" count="4" type="stmt"/>
        <line num="441" count="4" type="stmt"/>
        <line num="442" count="13" type="stmt"/>
        <line num="444" count="13" type="cond" truecount="2" falsecount="0"/>
        <line num="446" count="9" type="stmt"/>
        <line num="447" count="9" type="stmt"/>
        <line num="449" count="9" type="stmt"/>
        <line num="450" count="9" type="cond" truecount="2" falsecount="0"/>
        <line num="452" count="13" type="stmt"/>
        <line num="453" count="18" type="stmt"/>
        <line num="454" count="18" type="cond" truecount="4" falsecount="0"/>
        <line num="456" count="5" type="cond" truecount="1" falsecount="1"/>
        <line num="457" count="5" type="stmt"/>
        <line num="459" count="5" type="stmt"/>
        <line num="460" count="5" type="stmt"/>
        <line num="461" count="5" type="cond" truecount="1" falsecount="1"/>
        <line num="463" count="5" type="cond" truecount="2" falsecount="0"/>
        <line num="464" count="4" type="stmt"/>
        <line num="465" count="4" type="stmt"/>
        <line num="475" count="4" type="cond" truecount="2" falsecount="2"/>
        <line num="476" count="0" type="stmt"/>
        <line num="477" count="0" type="stmt"/>
        <line num="478" count="0" type="stmt"/>
        <line num="479" count="0" type="cond" truecount="0" falsecount="2"/>
        <line num="480" count="0" type="cond" truecount="0" falsecount="2"/>
        <line num="481" count="0" type="stmt"/>
        <line num="482" count="0" type="stmt"/>
        <line num="490" count="4" type="stmt"/>
        <line num="491" count="4" type="stmt"/>
        <line num="492" count="4" type="stmt"/>
        <line num="495" count="4" type="stmt"/>
        <line num="499" count="2" type="cond" truecount="1" falsecount="1"/>
        <line num="507" count="1" type="cond" truecount="3" falsecount="0"/>
      </file>
      <file name="workflow-recommendation-engine.ts" path="D:\project\Clone\ck\claudekit-chatbot-astro\src\lib\workflow-recommendation-engine.ts">
        <metrics statements="20" coveredstatements="20" conditionals="18" coveredconditionals="16" methods="8" coveredmethods="8"/>
        <line num="27" count="34" type="stmt"/>
        <line num="30" count="34" type="stmt"/>
        <line num="37" count="34" type="stmt"/>
        <line num="42" count="354" type="stmt"/>
        <line num="43" count="253" type="stmt"/>
        <line num="45" count="34" type="cond" truecount="2" falsecount="0"/>
        <line num="46" count="21" type="stmt"/>
        <line num="53" count="13" type="cond" truecount="2" falsecount="0"/>
        <line num="54" count="5" type="stmt"/>
        <line num="61" count="8" type="stmt"/>
        <line num="73" count="9" type="stmt"/>
        <line num="76" count="9" type="cond" truecount="4" falsecount="0"/>
        <line num="77" count="7" type="stmt"/>
        <line num="78" count="7" type="cond" truecount="1" falsecount="1"/>
        <line num="79" count="7" type="stmt"/>
        <line num="90" count="2" type="stmt"/>
        <line num="98" count="5" type="stmt"/>
        <line num="99" count="6" type="stmt"/>
        <line num="119" count="8" type="stmt"/>
        <line num="122" count="49" type="stmt"/>
      </file>
      <file name="workflows.ts" path="D:\project\Clone\ck\claudekit-chatbot-astro\src\lib\workflows.ts">
        <metrics statements="23" coveredstatements="23" conditionals="12" coveredconditionals="12" methods="8" coveredmethods="8"/>
        <line num="26" count="2" type="stmt"/>
        <line num="564" count="60" type="cond" truecount="2" falsecount="0"/>
        <line num="569" count="35" type="stmt"/>
        <line num="570" count="35" type="stmt"/>
        <line num="572" count="35" type="stmt"/>
        <line num="573" count="420" type="stmt"/>
        <line num="576" count="420" type="stmt"/>
        <line num="577" count="2065" type="cond" truecount="2" falsecount="0"/>
        <line num="578" count="72" type="stmt"/>
        <line num="583" count="420" type="stmt"/>
        <line num="584" count="1260" type="cond" truecount="2" falsecount="0"/>
        <line num="585" count="4" type="stmt"/>
        <line num="590" count="420" type="cond" truecount="2" falsecount="0"/>
        <line num="591" count="11" type="stmt"/>
        <line num="594" count="420" type="cond" truecount="2" falsecount="0"/>
        <line num="595" count="53" type="stmt"/>
        <line num="599" count="35" type="stmt"/>
        <line num="600" count="53" type="stmt"/>
        <line num="605" count="40" type="stmt"/>
        <line num="612" count="40" type="stmt"/>
        <line num="613" count="470" type="stmt"/>
        <line num="618" count="16" type="stmt"/>
        <line num="619" count="16" type="cond" truecount="2" falsecount="0"/>
      </file>
    </package>
  </project>
</coverage>
