{"D:\\project\\Clone\\ck\\claudekit-chatbot-astro\\src\\data\\claudekit-full-commands-catalog.ts": {"path":"D:\\project\\Clone\\ck\\claudekit-chatbot-astro\\src\\data\\claudekit-full-commands-catalog.ts","statementMap":{"0":{"start":{"line":18,"column":43},"end":{"line":342,"column":null}},"1":{"start":{"line":345,"column":44},"end":{"line":676,"column":null}},"2":{"start":{"line":679,"column":35},"end":{"line":679,"column":null}},"3":{"start":{"line":681,"column":26},"end":{"line":681,"column":null}},"4":{"start":{"line":681,"column":56},"end":{"line":681,"column":66}},"5":{"start":{"line":684,"column":2},"end":{"line":684,"column":null}},"6":{"start":{"line":684,"column":28},"end":{"line":684,"column":39}},"7":{"start":{"line":688,"column":2},"end":{"line":688,"column":null}},"8":{"start":{"line":688,"column":30},"end":{"line":688,"column":53}},"9":{"start":{"line":692,"column":2},"end":{"line":692,"column":null}},"10":{"start":{"line":692,"column":27},"end":{"line":692,"column":33}}},"fnMap":{"0":{"name":"(anonymous_0)","decl":{"start":{"line":681,"column":51},"end":{"line":681,"column":56}},"loc":{"start":{"line":681,"column":56},"end":{"line":681,"column":66}},"line":681},"1":{"name":"getCommandById","decl":{"start":{"line":683,"column":16},"end":{"line":683,"column":31}},"loc":{"start":{"line":683,"column":64},"end":{"line":685,"column":null}},"line":683},"2":{"name":"(anonymous_2)","decl":{"start":{"line":684,"column":23},"end":{"line":684,"column":28}},"loc":{"start":{"line":684,"column":28},"end":{"line":684,"column":39}},"line":684},"3":{"name":"getCommandsByCategory","decl":{"start":{"line":687,"column":16},"end":{"line":687,"column":38}},"loc":{"start":{"line":687,"column":67},"end":{"line":689,"column":null}},"line":687},"4":{"name":"(anonymous_4)","decl":{"start":{"line":688,"column":25},"end":{"line":688,"column":30}},"loc":{"start":{"line":688,"column":30},"end":{"line":688,"column":53}},"line":688},"5":{"name":"getAllCommandNames","decl":{"start":{"line":691,"column":16},"end":{"line":691,"column":47}},"loc":{"start":{"line":691,"column":47},"end":{"line":693,"column":null}},"line":691},"6":{"name":"(anonymous_6)","decl":{"start":{"line":692,"column":22},"end":{"line":692,"column":27}},"loc":{"start":{"line":692,"column":27},"end":{"line":692,"column":33}},"line":692}},"branchMap":{},"s":{"0":4,"1":4,"2":4,"3":4,"4":252,"5":1,"6":1,"7":1,"8":63,"9":0,"10":0},"f":{"0":252,"1":1,"2":1,"3":1,"4":63,"5":0,"6":0},"b":{},"meta":{"lastBranch":0,"lastFunction":7,"lastStatement":11,"seen":{"s:18:43:342:Infinity":0,"s:345:44:676:Infinity":1,"s:679:35:679:Infinity":2,"s:681:26:681:Infinity":3,"f:681:51:681:56":0,"s:681:56:681:66":4,"f:683:16:683:31":1,"s:684:2:684:Infinity":5,"f:684:23:684:28":2,"s:684:28:684:39":6,"f:687:16:687:38":3,"s:688:2:688:Infinity":7,"f:688:25:688:30":4,"s:688:30:688:53":8,"f:691:16:691:47":5,"s:692:2:692:Infinity":9,"f:692:22:692:27":6,"s:692:27:692:33":10}}}
,"D:\\project\\Clone\\ck\\claudekit-chatbot-astro\\src\\data\\commands.ts": {"path":"D:\\project\\Clone\\ck\\claudekit-chatbot-astro\\src\\data\\commands.ts","statementMap":{},"fnMap":{},"branchMap":{},"s":{},"f":{},"b":{},"meta":{"lastBranch":0,"lastFunction":0,"lastStatement":0,"seen":{}}}
,"D:\\project\\Clone\\ck\\claudekit-chatbot-astro\\src\\lib\\command-recommender.ts": {"path":"D:\\project\\Clone\\ck\\claudekit-chatbot-astro\\src\\lib\\command-recommender.ts","statementMap":{"0":{"start":{"line":17,"column":50},"end":{"line":57,"column":null}},"1":{"start":{"line":60,"column":21},"end":{"line":60,"column":null}},"2":{"start":{"line":62,"column":2},"end":{"line":68,"column":null}},"3":{"start":{"line":63,"column":4},"end":{"line":67,"column":null}},"4":{"start":{"line":64,"column":6},"end":{"line":66,"column":null}},"5":{"start":{"line":65,"column":8},"end":{"line":65,"column":null}},"6":{"start":{"line":70,"column":2},"end":{"line":70,"column":null}},"7":{"start":{"line":74,"column":21},"end":{"line":77,"column":null}},"8":{"start":{"line":77,"column":17},"end":{"line":77,"column":29}},"9":{"start":{"line":79,"column":2},"end":{"line":79,"column":null}},"10":{"start":{"line":83,"column":14},"end":{"line":83,"column":null}},"11":{"start":{"line":84,"column":2},"end":{"line":94,"column":null}},"12":{"start":{"line":85,"column":4},"end":{"line":93,"column":null}},"13":{"start":{"line":86,"column":20},"end":{"line":86,"column":null}},"14":{"start":{"line":87,"column":22},"end":{"line":87,"column":null}},"15":{"start":{"line":88,"column":6},"end":{"line":90,"column":null}},"16":{"start":{"line":89,"column":8},"end":{"line":89,"column":null}},"17":{"start":{"line":95,"column":2},"end":{"line":95,"column":null}},"18":{"start":{"line":102,"column":21},"end":{"line":102,"column":null}},"19":{"start":{"line":104,"column":33},"end":{"line":104,"column":null}},"20":{"start":{"line":106,"column":2},"end":{"line":145,"column":null}},"21":{"start":{"line":107,"column":16},"end":{"line":107,"column":null}},"22":{"start":{"line":108,"column":38},"end":{"line":108,"column":null}},"23":{"start":{"line":111,"column":4},"end":{"line":116,"column":null}},"24":{"start":{"line":112,"column":6},"end":{"line":115,"column":null}},"25":{"start":{"line":113,"column":8},"end":{"line":113,"column":null}},"26":{"start":{"line":114,"column":8},"end":{"line":114,"column":null}},"27":{"start":{"line":119,"column":4},"end":{"line":119,"column":null}},"28":{"start":{"line":122,"column":4},"end":{"line":126,"column":null}},"29":{"start":{"line":123,"column":6},"end":{"line":125,"column":null}},"30":{"start":{"line":124,"column":8},"end":{"line":124,"column":null}},"31":{"start":{"line":129,"column":4},"end":{"line":131,"column":null}},"32":{"start":{"line":130,"column":6},"end":{"line":130,"column":null}},"33":{"start":{"line":133,"column":4},"end":{"line":144,"column":null}},"34":{"start":{"line":134,"column":21},"end":{"line":136,"column":null}},"35":{"start":{"line":138,"column":6},"end":{"line":143,"column":null}},"36":{"start":{"line":148,"column":2},"end":{"line":148,"column":null}},"37":{"start":{"line":148,"column":25},"end":{"line":148,"column":42}},"38":{"start":{"line":150,"column":18},"end":{"line":150,"column":null}},"39":{"start":{"line":151,"column":23},"end":{"line":151,"column":null}},"40":{"start":{"line":154,"column":21},"end":{"line":156,"column":null}},"41":{"start":{"line":158,"column":2},"end":{"line":162,"column":null}},"42":{"start":{"line":170,"column":18},"end":{"line":170,"column":null}},"43":{"start":{"line":170,"column":37},"end":{"line":170,"column":93}},"44":{"start":{"line":172,"column":2},"end":{"line":179,"column":null}},"45":{"start":{"line":173,"column":16},"end":{"line":173,"column":null}},"46":{"start":{"line":174,"column":4},"end":{"line":178,"column":null}},"47":{"start":{"line":181,"column":14},"end":{"line":181,"column":null}},"48":{"start":{"line":182,"column":24},"end":{"line":182,"column":null}},"49":{"start":{"line":184,"column":2},"end":{"line":189,"column":null}},"50":{"start":{"line":185,"column":4},"end":{"line":188,"column":null}},"51":{"start":{"line":191,"column":2},"end":{"line":194,"column":null}},"52":{"start":{"line":199,"column":29},"end":{"line":199,"column":null}},"53":{"start":{"line":202,"column":23},"end":{"line":204,"column":null}},"54":{"start":{"line":203,"column":9},"end":{"line":203,"column":null}},"55":{"start":{"line":205,"column":2},"end":{"line":205,"column":null}},"56":{"start":{"line":208,"column":2},"end":{"line":215,"column":null}},"57":{"start":{"line":209,"column":4},"end":{"line":214,"column":null}},"58":{"start":{"line":210,"column":25},"end":{"line":210,"column":null}},"59":{"start":{"line":210,"column":44},"end":{"line":210,"column":62}},"60":{"start":{"line":211,"column":6},"end":{"line":213,"column":null}},"61":{"start":{"line":211,"column":43},"end":{"line":211,"column":65}},"62":{"start":{"line":212,"column":8},"end":{"line":212,"column":null}},"63":{"start":{"line":217,"column":2},"end":{"line":217,"column":null}}},"fnMap":{"0":{"name":"detectIntent","decl":{"start":{"line":59,"column":16},"end":{"line":59,"column":29}},"loc":{"start":{"line":59,"column":92},"end":{"line":71,"column":null}},"line":59},"1":{"name":"extractKeywords","decl":{"start":{"line":73,"column":9},"end":{"line":73,"column":25}},"loc":{"start":{"line":73,"column":50},"end":{"line":80,"column":null}},"line":73},"2":{"name":"(anonymous_2)","decl":{"start":{"line":77,"column":12},"end":{"line":77,"column":17}},"loc":{"start":{"line":77,"column":17},"end":{"line":77,"column":29}},"line":77},"3":{"name":"matchPatterns","decl":{"start":{"line":82,"column":9},"end":{"line":82,"column":23}},"loc":{"start":{"line":82,"column":66},"end":{"line":96,"column":null}},"line":82},"4":{"name":"recommendCommands","decl":{"start":{"line":98,"column":16},"end":{"line":98,"column":null}},"loc":{"start":{"line":101,"column":24},"end":{"line":163,"column":null}},"line":101},"5":{"name":"(anonymous_5)","decl":{"start":{"line":148,"column":15},"end":{"line":148,"column":16}},"loc":{"start":{"line":148,"column":25},"end":{"line":148,"column":42}},"line":148},"6":{"name":"validateCommand","decl":{"start":{"line":165,"column":16},"end":{"line":165,"column":null}},"loc":{"start":{"line":169,"column":58},"end":{"line":195,"column":null}},"line":169},"7":{"name":"(anonymous_7)","decl":{"start":{"line":170,"column":32},"end":{"line":170,"column":37}},"loc":{"start":{"line":170,"column":37},"end":{"line":170,"column":93}},"line":170},"8":{"name":"getRelatedCommands","decl":{"start":{"line":198,"column":16},"end":{"line":198,"column":35}},"loc":{"start":{"line":198,"column":85},"end":{"line":218,"column":null}},"line":198},"9":{"name":"(anonymous_9)","decl":{"start":{"line":203,"column":4},"end":{"line":203,"column":9}},"loc":{"start":{"line":203,"column":9},"end":{"line":203,"column":null}},"line":203},"10":{"name":"(anonymous_10)","decl":{"start":{"line":210,"column":39},"end":{"line":210,"column":44}},"loc":{"start":{"line":210,"column":44},"end":{"line":210,"column":62}},"line":210},"11":{"name":"(anonymous_11)","decl":{"start":{"line":211,"column":38},"end":{"line":211,"column":43}},"loc":{"start":{"line":211,"column":43},"end":{"line":211,"column":65}},"line":211}},"branchMap":{"0":{"loc":{"start":{"line":64,"column":6},"end":{"line":66,"column":null}},"type":"if","locations":[{"start":{"line":64,"column":6},"end":{"line":66,"column":null}},{"start":{},"end":{}}],"line":64},"1":{"loc":{"start":{"line":88,"column":6},"end":{"line":90,"column":null}},"type":"if","locations":[{"start":{"line":88,"column":6},"end":{"line":90,"column":null}},{"start":{},"end":{}}],"line":88},"2":{"loc":{"start":{"line":112,"column":6},"end":{"line":115,"column":null}},"type":"if","locations":[{"start":{"line":112,"column":6},"end":{"line":115,"column":null}},{"start":{},"end":{}}],"line":112},"3":{"loc":{"start":{"line":123,"column":6},"end":{"line":125,"column":null}},"type":"if","locations":[{"start":{"line":123,"column":6},"end":{"line":125,"column":null}},{"start":{},"end":{}}],"line":123},"4":{"loc":{"start":{"line":129,"column":4},"end":{"line":131,"column":null}},"type":"if","locations":[{"start":{"line":129,"column":4},"end":{"line":131,"column":null}},{"start":{},"end":{}}],"line":129},"5":{"loc":{"start":{"line":129,"column":8},"end":{"line":129,"column":46}},"type":"binary-expr","locations":[{"start":{"line":129,"column":8},"end":{"line":129,"column":21}},{"start":{"line":129,"column":21},"end":{"line":129,"column":46}}],"line":129},"6":{"loc":{"start":{"line":133,"column":4},"end":{"line":144,"column":null}},"type":"if","locations":[{"start":{"line":133,"column":4},"end":{"line":144,"column":null}},{"start":{},"end":{}}],"line":133},"7":{"loc":{"start":{"line":134,"column":21},"end":{"line":136,"column":null}},"type":"cond-expr","locations":[{"start":{"line":135,"column":10},"end":{"line":135,"column":null}},{"start":{"line":136,"column":10},"end":{"line":136,"column":null}}],"line":134},"8":{"loc":{"start":{"line":150,"column":18},"end":{"line":150,"column":null}},"type":"binary-expr","locations":[{"start":{"line":150,"column":18},"end":{"line":150,"column":32}},{"start":{"line":150,"column":32},"end":{"line":150,"column":null}}],"line":150},"9":{"loc":{"start":{"line":154,"column":21},"end":{"line":156,"column":null}},"type":"cond-expr","locations":[{"start":{"line":155,"column":6},"end":{"line":155,"column":null}},{"start":{"line":156,"column":6},"end":{"line":156,"column":null}}],"line":154},"10":{"loc":{"start":{"line":170,"column":37},"end":{"line":170,"column":93}},"type":"binary-expr","locations":[{"start":{"line":170,"column":37},"end":{"line":170,"column":66}},{"start":{"line":170,"column":66},"end":{"line":170,"column":93}}],"line":170},"11":{"loc":{"start":{"line":172,"column":2},"end":{"line":179,"column":null}},"type":"if","locations":[{"start":{"line":172,"column":2},"end":{"line":179,"column":null}},{"start":{},"end":{}}],"line":172},"12":{"loc":{"start":{"line":184,"column":2},"end":{"line":189,"column":null}},"type":"if","locations":[{"start":{"line":184,"column":2},"end":{"line":189,"column":null}},{"start":{},"end":{}}],"line":184},"13":{"loc":{"start":{"line":184,"column":6},"end":{"line":184,"column":61}},"type":"binary-expr","locations":[{"start":{"line":184,"column":6},"end":{"line":184,"column":24}},{"start":{"line":184,"column":24},"end":{"line":184,"column":39}},{"start":{"line":184,"column":39},"end":{"line":184,"column":61}}],"line":184},"14":{"loc":{"start":{"line":203,"column":9},"end":{"line":203,"column":null}},"type":"binary-expr","locations":[{"start":{"line":203,"column":9},"end":{"line":203,"column":44}},{"start":{"line":203,"column":44},"end":{"line":203,"column":null}}],"line":203},"15":{"loc":{"start":{"line":208,"column":2},"end":{"line":215,"column":null}},"type":"if","locations":[{"start":{"line":208,"column":2},"end":{"line":215,"column":null}},{"start":{},"end":{}}],"line":208},"16":{"loc":{"start":{"line":211,"column":6},"end":{"line":213,"column":null}},"type":"if","locations":[{"start":{"line":211,"column":6},"end":{"line":213,"column":null}},{"start":{},"end":{}}],"line":211},"17":{"loc":{"start":{"line":211,"column":10},"end":{"line":211,"column":68}},"type":"binary-expr","locations":[{"start":{"line":211,"column":10},"end":{"line":211,"column":24}},{"start":{"line":211,"column":24},"end":{"line":211,"column":68}}],"line":211}},"s":{"0":2,"1":25,"2":25,"3":159,"4":759,"5":23,"6":2,"7":0,"8":0,"9":0,"10":2394,"11":2394,"12":2394,"13":2394,"14":2394,"15":2394,"16":46,"17":2394,"18":38,"19":38,"20":38,"21":2394,"22":2394,"23":2394,"24":12806,"25":86,"26":86,"27":2394,"28":2394,"29":7220,"30":1,"31":2394,"32":33,"33":2394,"34":62,"35":62,"36":38,"37":39,"38":38,"39":38,"40":38,"41":38,"42":8,"43":208,"44":8,"45":3,"46":3,"47":5,"48":5,"49":8,"50":1,"51":4,"52":6,"53":6,"54":378,"55":6,"56":6,"57":5,"58":20,"59":1260,"60":20,"61":0,"62":0,"63":6},"f":{"0":25,"1":0,"2":0,"3":2394,"4":38,"5":39,"6":8,"7":208,"8":6,"9":378,"10":1260,"11":0},"b":{"0":[23,736],"1":[46,2348],"2":[86,12720],"3":[1,7219],"4":[33,2361],"5":[2394,62],"6":[62,2332],"7":[62,0],"8":[38,6],"9":[32,6],"10":[208,207],"11":[3,5],"12":[1,7],"13":[8,1,1],"14":[378,186],"15":[5,1],"16":[0,20],"17":[20,0]},"meta":{"lastBranch":18,"lastFunction":12,"lastStatement":64,"seen":{"s:17:50:57:Infinity":0,"f:59:16:59:29":0,"s:60:21:60:Infinity":1,"s:62:2:68:Infinity":2,"s:63:4:67:Infinity":3,"b:64:6:66:Infinity:undefined:undefined:undefined:undefined":0,"s:64:6:66:Infinity":4,"s:65:8:65:Infinity":5,"s:70:2:70:Infinity":6,"f:73:9:73:25":1,"s:74:21:77:Infinity":7,"f:77:12:77:17":2,"s:77:17:77:29":8,"s:79:2:79:Infinity":9,"f:82:9:82:23":3,"s:83:14:83:Infinity":10,"s:84:2:94:Infinity":11,"s:85:4:93:Infinity":12,"s:86:20:86:Infinity":13,"s:87:22:87:Infinity":14,"b:88:6:90:Infinity:undefined:undefined:undefined:undefined":1,"s:88:6:90:Infinity":15,"s:89:8:89:Infinity":16,"s:95:2:95:Infinity":17,"f:98:16:98:Infinity":4,"s:102:21:102:Infinity":18,"s:104:33:104:Infinity":19,"s:106:2:145:Infinity":20,"s:107:16:107:Infinity":21,"s:108:38:108:Infinity":22,"s:111:4:116:Infinity":23,"b:112:6:115:Infinity:undefined:undefined:undefined:undefined":2,"s:112:6:115:Infinity":24,"s:113:8:113:Infinity":25,"s:114:8:114:Infinity":26,"s:119:4:119:Infinity":27,"s:122:4:126:Infinity":28,"b:123:6:125:Infinity:undefined:undefined:undefined:undefined":3,"s:123:6:125:Infinity":29,"s:124:8:124:Infinity":30,"b:129:4:131:Infinity:undefined:undefined:undefined:undefined":4,"s:129:4:131:Infinity":31,"b:129:8:129:21:129:21:129:46":5,"s:130:6:130:Infinity":32,"b:133:4:144:Infinity:undefined:undefined:undefined:undefined":6,"s:133:4:144:Infinity":33,"s:134:21:136:Infinity":34,"b:135:10:135:Infinity:136:10:136:Infinity":7,"s:138:6:143:Infinity":35,"s:148:2:148:Infinity":36,"f:148:15:148:16":5,"s:148:25:148:42":37,"s:150:18:150:Infinity":38,"b:150:18:150:32:150:32:150:Infinity":8,"s:151:23:151:Infinity":39,"s:154:21:156:Infinity":40,"b:155:6:155:Infinity:156:6:156:Infinity":9,"s:158:2:162:Infinity":41,"f:165:16:165:Infinity":6,"s:170:18:170:Infinity":42,"f:170:32:170:37":7,"s:170:37:170:93":43,"b:170:37:170:66:170:66:170:93":10,"b:172:2:179:Infinity:undefined:undefined:undefined:undefined":11,"s:172:2:179:Infinity":44,"s:173:16:173:Infinity":45,"s:174:4:178:Infinity":46,"s:181:14:181:Infinity":47,"s:182:24:182:Infinity":48,"b:184:2:189:Infinity:undefined:undefined:undefined:undefined":12,"s:184:2:189:Infinity":49,"b:184:6:184:24:184:24:184:39:184:39:184:61":13,"s:185:4:188:Infinity":50,"s:191:2:194:Infinity":51,"f:198:16:198:35":8,"s:199:29:199:Infinity":52,"s:202:23:204:Infinity":53,"f:203:4:203:9":9,"s:203:9:203:Infinity":54,"b:203:9:203:44:203:44:203:Infinity":14,"s:205:2:205:Infinity":55,"b:208:2:215:Infinity:undefined:undefined:undefined:undefined":15,"s:208:2:215:Infinity":56,"s:209:4:214:Infinity":57,"s:210:25:210:Infinity":58,"f:210:39:210:44":10,"s:210:44:210:62":59,"b:211:6:213:Infinity:undefined:undefined:undefined:undefined":16,"s:211:6:213:Infinity":60,"b:211:10:211:24:211:24:211:68":17,"f:211:38:211:43":11,"s:211:43:211:65":61,"s:212:8:212:Infinity":62,"s:217:2:217:Infinity":63}}}
,"D:\\project\\Clone\\ck\\claudekit-chatbot-astro\\src\\lib\\firepass-client.ts": {"path":"D:\\project\\Clone\\ck\\claudekit-chatbot-astro\\src\\lib\\firepass-client.ts","statementMap":{"0":{"start":{"line":40,"column":22},"end":{"line":40,"column":null}},"1":{"start":{"line":179,"column":17},"end":{"line":179,"column":null}},"2":{"start":{"line":180,"column":16},"end":{"line":180,"column":null}},"3":{"start":{"line":181,"column":18},"end":{"line":181,"column":null}},"4":{"start":{"line":183,"column":19},"end":{"line":199,"column":null}},"5":{"start":{"line":201,"column":2},"end":{"line":203,"column":null}},"6":{"start":{"line":202,"column":4},"end":{"line":202,"column":null}},"7":{"start":{"line":205,"column":15},"end":{"line":205,"column":null}},"8":{"start":{"line":206,"column":18},"end":{"line":206,"column":null}},"9":{"start":{"line":208,"column":2},"end":{"line":210,"column":null}},"10":{"start":{"line":209,"column":4},"end":{"line":209,"column":null}},"11":{"start":{"line":212,"column":2},"end":{"line":212,"column":null}},"12":{"start":{"line":216,"column":17},"end":{"line":216,"column":null}},"13":{"start":{"line":217,"column":16},"end":{"line":217,"column":null}},"14":{"start":{"line":218,"column":18},"end":{"line":218,"column":null}},"15":{"start":{"line":220,"column":19},"end":{"line":242,"column":null}},"16":{"start":{"line":244,"column":2},"end":{"line":246,"column":null}},"17":{"start":{"line":245,"column":4},"end":{"line":245,"column":null}},"18":{"start":{"line":248,"column":15},"end":{"line":248,"column":null}},"19":{"start":{"line":249,"column":18},"end":{"line":249,"column":null}},"20":{"start":{"line":251,"column":2},"end":{"line":253,"column":null}},"21":{"start":{"line":252,"column":4},"end":{"line":252,"column":null}},"22":{"start":{"line":255,"column":2},"end":{"line":255,"column":null}},"23":{"start":{"line":265,"column":17},"end":{"line":265,"column":null}},"24":{"start":{"line":266,"column":16},"end":{"line":266,"column":null}},"25":{"start":{"line":267,"column":18},"end":{"line":267,"column":null}},"26":{"start":{"line":269,"column":19},"end":{"line":286,"column":null}},"27":{"start":{"line":288,"column":2},"end":{"line":290,"column":null}},"28":{"start":{"line":289,"column":4},"end":{"line":289,"column":null}},"29":{"start":{"line":292,"column":2},"end":{"line":294,"column":null}},"30":{"start":{"line":293,"column":4},"end":{"line":293,"column":null}},"31":{"start":{"line":296,"column":17},"end":{"line":296,"column":null}},"32":{"start":{"line":297,"column":18},"end":{"line":297,"column":null}},"33":{"start":{"line":298,"column":15},"end":{"line":298,"column":null}},"34":{"start":{"line":299,"column":27},"end":{"line":299,"column":null}},"35":{"start":{"line":301,"column":2},"end":{"line":392,"column":null}},"36":{"start":{"line":302,"column":4},"end":{"line":364,"column":null}},"37":{"start":{"line":303,"column":30},"end":{"line":303,"column":null}},"38":{"start":{"line":305,"column":6},"end":{"line":307,"column":null}},"39":{"start":{"line":306,"column":8},"end":{"line":306,"column":null}},"40":{"start":{"line":310,"column":20},"end":{"line":310,"column":null}},"41":{"start":{"line":311,"column":6},"end":{"line":311,"column":null}},"42":{"start":{"line":314,"column":20},"end":{"line":314,"column":null}},"43":{"start":{"line":315,"column":6},"end":{"line":315,"column":null}},"44":{"start":{"line":317,"column":6},"end":{"line":363,"column":null}},"45":{"start":{"line":318,"column":24},"end":{"line":318,"column":null}},"46":{"start":{"line":321,"column":8},"end":{"line":323,"column":null}},"47":{"start":{"line":322,"column":10},"end":{"line":322,"column":null}},"48":{"start":{"line":326,"column":8},"end":{"line":362,"column":null}},"49":{"start":{"line":327,"column":23},"end":{"line":327,"column":null}},"50":{"start":{"line":329,"column":10},"end":{"line":361,"column":null}},"51":{"start":{"line":330,"column":27},"end":{"line":330,"column":null}},"52":{"start":{"line":331,"column":28},"end":{"line":331,"column":null}},"53":{"start":{"line":333,"column":12},"end":{"line":358,"column":null}},"54":{"start":{"line":334,"column":14},"end":{"line":334,"column":null}},"55":{"start":{"line":337,"column":41},"end":{"line":337,"column":null}},"56":{"start":{"line":338,"column":59},"end":{"line":338,"column":null}},"57":{"start":{"line":340,"column":14},"end":{"line":344,"column":null}},"58":{"start":{"line":341,"column":16},"end":{"line":341,"column":null}},"59":{"start":{"line":346,"column":14},"end":{"line":357,"column":null}},"60":{"start":{"line":367,"column":4},"end":{"line":378,"column":null}},"61":{"start":{"line":368,"column":19},"end":{"line":368,"column":null}},"62":{"start":{"line":369,"column":6},"end":{"line":377,"column":null}},"63":{"start":{"line":370,"column":23},"end":{"line":370,"column":null}},"64":{"start":{"line":371,"column":24},"end":{"line":371,"column":null}},"65":{"start":{"line":372,"column":8},"end":{"line":374,"column":null}},"66":{"start":{"line":373,"column":10},"end":{"line":373,"column":null}},"67":{"start":{"line":381,"column":25},"end":{"line":381,"column":null}},"68":{"start":{"line":382,"column":24},"end":{"line":382,"column":null}},"69":{"start":{"line":384,"column":4},"end":{"line":388,"column":null}},"70":{"start":{"line":391,"column":4},"end":{"line":391,"column":null}},"71":{"start":{"line":403,"column":17},"end":{"line":403,"column":null}},"72":{"start":{"line":404,"column":16},"end":{"line":404,"column":null}},"73":{"start":{"line":405,"column":18},"end":{"line":405,"column":null}},"74":{"start":{"line":407,"column":2},"end":{"line":500,"column":null}},"75":{"start":{"line":408,"column":21},"end":{"line":425,"column":null}},"76":{"start":{"line":427,"column":4},"end":{"line":429,"column":null}},"77":{"start":{"line":428,"column":6},"end":{"line":428,"column":null}},"78":{"start":{"line":431,"column":4},"end":{"line":433,"column":null}},"79":{"start":{"line":432,"column":6},"end":{"line":432,"column":null}},"80":{"start":{"line":435,"column":19},"end":{"line":435,"column":null}},"81":{"start":{"line":436,"column":20},"end":{"line":436,"column":null}},"82":{"start":{"line":437,"column":17},"end":{"line":437,"column":null}},"83":{"start":{"line":438,"column":29},"end":{"line":438,"column":null}},"84":{"start":{"line":440,"column":4},"end":{"line":496,"column":null}},"85":{"start":{"line":441,"column":6},"end":{"line":472,"column":null}},"86":{"start":{"line":442,"column":32},"end":{"line":442,"column":null}},"87":{"start":{"line":444,"column":8},"end":{"line":444,"column":null}},"88":{"start":{"line":444,"column":18},"end":{"line":444,"column":null}},"89":{"start":{"line":446,"column":22},"end":{"line":446,"column":null}},"90":{"start":{"line":447,"column":8},"end":{"line":447,"column":null}},"91":{"start":{"line":449,"column":22},"end":{"line":449,"column":null}},"92":{"start":{"line":450,"column":8},"end":{"line":450,"column":null}},"93":{"start":{"line":452,"column":8},"end":{"line":471,"column":null}},"94":{"start":{"line":453,"column":26},"end":{"line":453,"column":null}},"95":{"start":{"line":454,"column":10},"end":{"line":454,"column":null}},"96":{"start":{"line":454,"column":54},"end":{"line":454,"column":null}},"97":{"start":{"line":456,"column":10},"end":{"line":470,"column":null}},"98":{"start":{"line":457,"column":25},"end":{"line":457,"column":null}},"99":{"start":{"line":459,"column":12},"end":{"line":469,"column":null}},"100":{"start":{"line":460,"column":29},"end":{"line":460,"column":null}},"101":{"start":{"line":461,"column":30},"end":{"line":461,"column":null}},"102":{"start":{"line":463,"column":14},"end":{"line":466,"column":null}},"103":{"start":{"line":464,"column":16},"end":{"line":464,"column":null}},"104":{"start":{"line":465,"column":16},"end":{"line":465,"column":null}},"105":{"start":{"line":475,"column":6},"end":{"line":487,"column":null}},"106":{"start":{"line":476,"column":21},"end":{"line":476,"column":null}},"107":{"start":{"line":477,"column":8},"end":{"line":486,"column":null}},"108":{"start":{"line":478,"column":25},"end":{"line":478,"column":null}},"109":{"start":{"line":479,"column":26},"end":{"line":479,"column":null}},"110":{"start":{"line":480,"column":10},"end":{"line":483,"column":null}},"111":{"start":{"line":481,"column":12},"end":{"line":481,"column":null}},"112":{"start":{"line":482,"column":12},"end":{"line":482,"column":null}},"113":{"start":{"line":490,"column":27},"end":{"line":490,"column":null}},"114":{"start":{"line":491,"column":26},"end":{"line":491,"column":null}},"115":{"start":{"line":492,"column":6},"end":{"line":492,"column":null}},"116":{"start":{"line":495,"column":6},"end":{"line":495,"column":null}},"117":{"start":{"line":499,"column":4},"end":{"line":499,"column":null}},"118":{"start":{"line":507,"column":2},"end":{"line":509,"column":null}}},"fnMap":{"0":{"name":"optimizePrompt","decl":{"start":{"line":178,"column":22},"end":{"line":178,"column":37}},"loc":{"start":{"line":178,"column":81},"end":{"line":213,"column":null}},"line":178},"1":{"name":"optimizePromptWithImage","decl":{"start":{"line":215,"column":22},"end":{"line":215,"column":46}},"loc":{"start":{"line":215,"column":111},"end":{"line":256,"column":null}},"line":215},"2":{"name":"optimizePromptStream","decl":{"start":{"line":262,"column":23},"end":{"line":262,"column":null}},"loc":{"start":{"line":264,"column":58},"end":{"line":393,"column":null}},"line":264},"3":{"name":"optimizePromptStreaming","decl":{"start":{"line":399,"column":22},"end":{"line":399,"column":null}},"loc":{"start":{"line":402,"column":17},"end":{"line":501,"column":null}},"line":402},"4":{"name":"isStreamingSupported","decl":{"start":{"line":506,"column":16},"end":{"line":506,"column":48}},"loc":{"start":{"line":506,"column":48},"end":{"line":510,"column":null}},"line":506}},"branchMap":{"0":{"loc":{"start":{"line":180,"column":16},"end":{"line":180,"column":null}},"type":"binary-expr","locations":[{"start":{"line":180,"column":16},"end":{"line":180,"column":57}},{"start":{"line":180,"column":57},"end":{"line":180,"column":null}}],"line":180},"1":{"loc":{"start":{"line":181,"column":18},"end":{"line":181,"column":null}},"type":"binary-expr","locations":[{"start":{"line":181,"column":18},"end":{"line":181,"column":62}},{"start":{"line":181,"column":62},"end":{"line":181,"column":null}}],"line":181},"2":{"loc":{"start":{"line":201,"column":2},"end":{"line":203,"column":null}},"type":"if","locations":[{"start":{"line":201,"column":2},"end":{"line":203,"column":null}},{"start":{},"end":{}}],"line":201},"3":{"loc":{"start":{"line":208,"column":2},"end":{"line":210,"column":null}},"type":"if","locations":[{"start":{"line":208,"column":2},"end":{"line":210,"column":null}},{"start":{},"end":{}}],"line":208},"4":{"loc":{"start":{"line":217,"column":16},"end":{"line":217,"column":null}},"type":"binary-expr","locations":[{"start":{"line":217,"column":16},"end":{"line":217,"column":64}},{"start":{"line":217,"column":64},"end":{"line":217,"column":105}},{"start":{"line":217,"column":105},"end":{"line":217,"column":null}}],"line":217},"5":{"loc":{"start":{"line":218,"column":18},"end":{"line":218,"column":null}},"type":"binary-expr","locations":[{"start":{"line":218,"column":18},"end":{"line":218,"column":62}},{"start":{"line":218,"column":62},"end":{"line":218,"column":null}}],"line":218},"6":{"loc":{"start":{"line":244,"column":2},"end":{"line":246,"column":null}},"type":"if","locations":[{"start":{"line":244,"column":2},"end":{"line":246,"column":null}},{"start":{},"end":{}}],"line":244},"7":{"loc":{"start":{"line":251,"column":2},"end":{"line":253,"column":null}},"type":"if","locations":[{"start":{"line":251,"column":2},"end":{"line":253,"column":null}},{"start":{},"end":{}}],"line":251},"8":{"loc":{"start":{"line":266,"column":16},"end":{"line":266,"column":null}},"type":"binary-expr","locations":[{"start":{"line":266,"column":16},"end":{"line":266,"column":57}},{"start":{"line":266,"column":57},"end":{"line":266,"column":null}}],"line":266},"9":{"loc":{"start":{"line":267,"column":18},"end":{"line":267,"column":null}},"type":"binary-expr","locations":[{"start":{"line":267,"column":18},"end":{"line":267,"column":62}},{"start":{"line":267,"column":62},"end":{"line":267,"column":null}}],"line":267},"10":{"loc":{"start":{"line":288,"column":2},"end":{"line":290,"column":null}},"type":"if","locations":[{"start":{"line":288,"column":2},"end":{"line":290,"column":null}},{"start":{},"end":{}}],"line":288},"11":{"loc":{"start":{"line":292,"column":2},"end":{"line":294,"column":null}},"type":"if","locations":[{"start":{"line":292,"column":2},"end":{"line":294,"column":null}},{"start":{},"end":{}}],"line":292},"12":{"loc":{"start":{"line":305,"column":6},"end":{"line":307,"column":null}},"type":"if","locations":[{"start":{"line":305,"column":6},"end":{"line":307,"column":null}},{"start":{},"end":{}}],"line":305},"13":{"loc":{"start":{"line":315,"column":15},"end":{"line":315,"column":null}},"type":"binary-expr","locations":[{"start":{"line":315,"column":15},"end":{"line":315,"column":30}},{"start":{"line":315,"column":30},"end":{"line":315,"column":null}}],"line":315},"14":{"loc":{"start":{"line":321,"column":8},"end":{"line":323,"column":null}},"type":"if","locations":[{"start":{"line":321,"column":8},"end":{"line":323,"column":null}},{"start":{},"end":{}}],"line":321},"15":{"loc":{"start":{"line":321,"column":12},"end":{"line":321,"column":52}},"type":"binary-expr","locations":[{"start":{"line":321,"column":12},"end":{"line":321,"column":24}},{"start":{"line":321,"column":24},"end":{"line":321,"column":52}}],"line":321},"16":{"loc":{"start":{"line":326,"column":8},"end":{"line":362,"column":null}},"type":"if","locations":[{"start":{"line":326,"column":8},"end":{"line":362,"column":null}},{"start":{},"end":{}}],"line":326},"17":{"loc":{"start":{"line":331,"column":28},"end":{"line":331,"column":null}},"type":"binary-expr","locations":[{"start":{"line":331,"column":28},"end":{"line":331,"column":67}},{"start":{"line":331,"column":67},"end":{"line":331,"column":null}}],"line":331},"18":{"loc":{"start":{"line":333,"column":12},"end":{"line":358,"column":null}},"type":"if","locations":[{"start":{"line":333,"column":12},"end":{"line":358,"column":null}},{"start":{},"end":{}}],"line":333},"19":{"loc":{"start":{"line":347,"column":33},"end":{"line":347,"column":null}},"type":"binary-expr","locations":[{"start":{"line":347,"column":33},"end":{"line":347,"column":66}},{"start":{"line":347,"column":66},"end":{"line":347,"column":null}}],"line":347},"20":{"loc":{"start":{"line":348,"column":34},"end":{"line":348,"column":null}},"type":"binary-expr","locations":[{"start":{"line":348,"column":34},"end":{"line":348,"column":68}},{"start":{"line":348,"column":68},"end":{"line":348,"column":null}}],"line":348},"21":{"loc":{"start":{"line":349,"column":31},"end":{"line":349,"column":null}},"type":"binary-expr","locations":[{"start":{"line":349,"column":31},"end":{"line":349,"column":62}},{"start":{"line":349,"column":62},"end":{"line":349,"column":null}}],"line":349},"22":{"loc":{"start":{"line":350,"column":37},"end":{"line":350,"column":null}},"type":"binary-expr","locations":[{"start":{"line":350,"column":37},"end":{"line":350,"column":74}},{"start":{"line":350,"column":74},"end":{"line":350,"column":null}}],"line":350},"23":{"loc":{"start":{"line":351,"column":28},"end":{"line":351,"column":null}},"type":"binary-expr","locations":[{"start":{"line":351,"column":28},"end":{"line":351,"column":56}},{"start":{"line":351,"column":56},"end":{"line":351,"column":null}}],"line":351},"24":{"loc":{"start":{"line":367,"column":4},"end":{"line":378,"column":null}},"type":"if","locations":[{"start":{"line":367,"column":4},"end":{"line":378,"column":null}},{"start":{},"end":{}}],"line":367},"25":{"loc":{"start":{"line":367,"column":8},"end":{"line":367,"column":54}},"type":"binary-expr","locations":[{"start":{"line":367,"column":8},"end":{"line":367,"column":25}},{"start":{"line":367,"column":25},"end":{"line":367,"column":54}}],"line":367},"26":{"loc":{"start":{"line":371,"column":24},"end":{"line":371,"column":null}},"type":"binary-expr","locations":[{"start":{"line":371,"column":24},"end":{"line":371,"column":63}},{"start":{"line":371,"column":63},"end":{"line":371,"column":null}}],"line":371},"27":{"loc":{"start":{"line":372,"column":8},"end":{"line":374,"column":null}},"type":"if","locations":[{"start":{"line":372,"column":8},"end":{"line":374,"column":null}},{"start":{},"end":{}}],"line":372},"28":{"loc":{"start":{"line":404,"column":16},"end":{"line":404,"column":null}},"type":"binary-expr","locations":[{"start":{"line":404,"column":16},"end":{"line":404,"column":57}},{"start":{"line":404,"column":57},"end":{"line":404,"column":null}}],"line":404},"29":{"loc":{"start":{"line":405,"column":18},"end":{"line":405,"column":null}},"type":"binary-expr","locations":[{"start":{"line":405,"column":18},"end":{"line":405,"column":62}},{"start":{"line":405,"column":62},"end":{"line":405,"column":null}}],"line":405},"30":{"loc":{"start":{"line":427,"column":4},"end":{"line":429,"column":null}},"type":"if","locations":[{"start":{"line":427,"column":4},"end":{"line":429,"column":null}},{"start":{},"end":{}}],"line":427},"31":{"loc":{"start":{"line":431,"column":4},"end":{"line":433,"column":null}},"type":"if","locations":[{"start":{"line":431,"column":4},"end":{"line":433,"column":null}},{"start":{},"end":{}}],"line":431},"32":{"loc":{"start":{"line":444,"column":8},"end":{"line":444,"column":null}},"type":"if","locations":[{"start":{"line":444,"column":8},"end":{"line":444,"column":null}},{"start":{},"end":{}}],"line":444},"33":{"loc":{"start":{"line":450,"column":17},"end":{"line":450,"column":null}},"type":"binary-expr","locations":[{"start":{"line":450,"column":17},"end":{"line":450,"column":32}},{"start":{"line":450,"column":32},"end":{"line":450,"column":null}}],"line":450},"34":{"loc":{"start":{"line":454,"column":10},"end":{"line":454,"column":null}},"type":"if","locations":[{"start":{"line":454,"column":10},"end":{"line":454,"column":null}},{"start":{},"end":{}}],"line":454},"35":{"loc":{"start":{"line":454,"column":14},"end":{"line":454,"column":54}},"type":"binary-expr","locations":[{"start":{"line":454,"column":14},"end":{"line":454,"column":26}},{"start":{"line":454,"column":26},"end":{"line":454,"column":54}}],"line":454},"36":{"loc":{"start":{"line":456,"column":10},"end":{"line":470,"column":null}},"type":"if","locations":[{"start":{"line":456,"column":10},"end":{"line":470,"column":null}},{"start":{},"end":{}}],"line":456},"37":{"loc":{"start":{"line":461,"column":30},"end":{"line":461,"column":null}},"type":"binary-expr","locations":[{"start":{"line":461,"column":30},"end":{"line":461,"column":69}},{"start":{"line":461,"column":69},"end":{"line":461,"column":null}}],"line":461},"38":{"loc":{"start":{"line":463,"column":14},"end":{"line":466,"column":null}},"type":"if","locations":[{"start":{"line":463,"column":14},"end":{"line":466,"column":null}},{"start":{},"end":{}}],"line":463},"39":{"loc":{"start":{"line":475,"column":6},"end":{"line":487,"column":null}},"type":"if","locations":[{"start":{"line":475,"column":6},"end":{"line":487,"column":null}},{"start":{},"end":{}}],"line":475},"40":{"loc":{"start":{"line":475,"column":10},"end":{"line":475,"column":56}},"type":"binary-expr","locations":[{"start":{"line":475,"column":10},"end":{"line":475,"column":27}},{"start":{"line":475,"column":27},"end":{"line":475,"column":56}}],"line":475},"41":{"loc":{"start":{"line":479,"column":26},"end":{"line":479,"column":null}},"type":"binary-expr","locations":[{"start":{"line":479,"column":26},"end":{"line":479,"column":65}},{"start":{"line":479,"column":65},"end":{"line":479,"column":null}}],"line":479},"42":{"loc":{"start":{"line":480,"column":10},"end":{"line":483,"column":null}},"type":"if","locations":[{"start":{"line":480,"column":10},"end":{"line":483,"column":null}},{"start":{},"end":{}}],"line":480},"43":{"loc":{"start":{"line":499,"column":24},"end":{"line":499,"column":81}},"type":"cond-expr","locations":[{"start":{"line":499,"column":49},"end":{"line":499,"column":57}},{"start":{"line":499,"column":57},"end":{"line":499,"column":81}}],"line":499},"44":{"loc":{"start":{"line":507,"column":9},"end":{"line":509,"column":null}},"type":"binary-expr","locations":[{"start":{"line":507,"column":9},"end":{"line":507,"column":null}},{"start":{"line":508,"column":9},"end":{"line":508,"column":null}},{"start":{"line":509,"column":9},"end":{"line":509,"column":null}}],"line":507}},"s":{"0":1,"1":19,"2":19,"3":19,"4":19,"5":18,"6":2,"7":16,"8":16,"9":19,"10":2,"11":14,"12":0,"13":0,"14":0,"15":0,"16":0,"17":0,"18":0,"19":0,"20":0,"21":0,"22":0,"23":2,"24":2,"25":2,"26":2,"27":2,"28":0,"29":2,"30":1,"31":1,"32":1,"33":1,"34":1,"35":1,"36":1,"37":5,"38":5,"39":1,"40":4,"41":4,"42":4,"43":4,"44":5,"45":8,"46":8,"47":5,"48":3,"49":3,"50":3,"51":3,"52":3,"53":3,"54":3,"55":3,"56":3,"57":3,"58":3,"59":3,"60":1,"61":0,"62":0,"63":0,"64":0,"65":0,"66":0,"67":1,"68":1,"69":1,"70":1,"71":5,"72":5,"73":5,"74":5,"75":5,"76":5,"77":1,"78":4,"79":0,"80":4,"81":4,"82":4,"83":4,"84":4,"85":4,"86":13,"87":13,"88":4,"89":9,"90":9,"91":9,"92":9,"93":13,"94":18,"95":18,"96":13,"97":5,"98":5,"99":5,"100":5,"101":5,"102":5,"103":4,"104":4,"105":4,"106":0,"107":0,"108":0,"109":0,"110":0,"111":0,"112":0,"113":4,"114":4,"115":4,"116":4,"117":2,"118":1},"f":{"0":19,"1":0,"2":2,"3":5,"4":1},"b":{"0":[19,19],"1":[19,19],"2":[2,16],"3":[2,17],"4":[0,0,0],"5":[0,0],"6":[0,0],"7":[0,0],"8":[2,2],"9":[2,2],"10":[0,2],"11":[1,1],"12":[1,4],"13":[4,4],"14":[5,3],"15":[8,4],"16":[3,0],"17":[3,0],"18":[3,0],"19":[3,2],"20":[3,2],"21":[3,2],"22":[3,2],"23":[3,2],"24":[0,1],"25":[1,0],"26":[0,0],"27":[0,0],"28":[5,5],"29":[5,5],"30":[1,4],"31":[0,4],"32":[4,9],"33":[9,9],"34":[13,5],"35":[18,9],"36":[5,0],"37":[5,0],"38":[4,1],"39":[0,4],"40":[4,0],"41":[0,0],"42":[0,0],"43":[1,0],"44":[1,1,1]},"meta":{"lastBranch":45,"lastFunction":5,"lastStatement":119,"seen":{"s:40:22:40:Infinity":0,"f:178:22:178:37":0,"s:179:17:179:Infinity":1,"s:180:16:180:Infinity":2,"b:180:16:180:57:180:57:180:Infinity":0,"s:181:18:181:Infinity":3,"b:181:18:181:62:181:62:181:Infinity":1,"s:183:19:199:Infinity":4,"b:201:2:203:Infinity:undefined:undefined:undefined:undefined":2,"s:201:2:203:Infinity":5,"s:202:4:202:Infinity":6,"s:205:15:205:Infinity":7,"s:206:18:206:Infinity":8,"b:208:2:210:Infinity:undefined:undefined:undefined:undefined":3,"s:208:2:210:Infinity":9,"s:209:4:209:Infinity":10,"s:212:2:212:Infinity":11,"f:215:22:215:46":1,"s:216:17:216:Infinity":12,"s:217:16:217:Infinity":13,"b:217:16:217:64:217:64:217:105:217:105:217:Infinity":4,"s:218:18:218:Infinity":14,"b:218:18:218:62:218:62:218:Infinity":5,"s:220:19:242:Infinity":15,"b:244:2:246:Infinity:undefined:undefined:undefined:undefined":6,"s:244:2:246:Infinity":16,"s:245:4:245:Infinity":17,"s:248:15:248:Infinity":18,"s:249:18:249:Infinity":19,"b:251:2:253:Infinity:undefined:undefined:undefined:undefined":7,"s:251:2:253:Infinity":20,"s:252:4:252:Infinity":21,"s:255:2:255:Infinity":22,"f:262:23:262:Infinity":2,"s:265:17:265:Infinity":23,"s:266:16:266:Infinity":24,"b:266:16:266:57:266:57:266:Infinity":8,"s:267:18:267:Infinity":25,"b:267:18:267:62:267:62:267:Infinity":9,"s:269:19:286:Infinity":26,"b:288:2:290:Infinity:undefined:undefined:undefined:undefined":10,"s:288:2:290:Infinity":27,"s:289:4:289:Infinity":28,"b:292:2:294:Infinity:undefined:undefined:undefined:undefined":11,"s:292:2:294:Infinity":29,"s:293:4:293:Infinity":30,"s:296:17:296:Infinity":31,"s:297:18:297:Infinity":32,"s:298:15:298:Infinity":33,"s:299:27:299:Infinity":34,"s:301:2:392:Infinity":35,"s:302:4:364:Infinity":36,"s:303:30:303:Infinity":37,"b:305:6:307:Infinity:undefined:undefined:undefined:undefined":12,"s:305:6:307:Infinity":38,"s:306:8:306:Infinity":39,"s:310:20:310:Infinity":40,"s:311:6:311:Infinity":41,"s:314:20:314:Infinity":42,"s:315:6:315:Infinity":43,"b:315:15:315:30:315:30:315:Infinity":13,"s:317:6:363:Infinity":44,"s:318:24:318:Infinity":45,"b:321:8:323:Infinity:undefined:undefined:undefined:undefined":14,"s:321:8:323:Infinity":46,"b:321:12:321:24:321:24:321:52":15,"s:322:10:322:Infinity":47,"b:326:8:362:Infinity:undefined:undefined:undefined:undefined":16,"s:326:8:362:Infinity":48,"s:327:23:327:Infinity":49,"s:329:10:361:Infinity":50,"s:330:27:330:Infinity":51,"s:331:28:331:Infinity":52,"b:331:28:331:67:331:67:331:Infinity":17,"b:333:12:358:Infinity:undefined:undefined:undefined:undefined":18,"s:333:12:358:Infinity":53,"s:334:14:334:Infinity":54,"s:337:41:337:Infinity":55,"s:338:59:338:Infinity":56,"s:340:14:344:Infinity":57,"s:341:16:341:Infinity":58,"s:346:14:357:Infinity":59,"b:347:33:347:66:347:66:347:Infinity":19,"b:348:34:348:68:348:68:348:Infinity":20,"b:349:31:349:62:349:62:349:Infinity":21,"b:350:37:350:74:350:74:350:Infinity":22,"b:351:28:351:56:351:56:351:Infinity":23,"b:367:4:378:Infinity:undefined:undefined:undefined:undefined":24,"s:367:4:378:Infinity":60,"b:367:8:367:25:367:25:367:54":25,"s:368:19:368:Infinity":61,"s:369:6:377:Infinity":62,"s:370:23:370:Infinity":63,"s:371:24:371:Infinity":64,"b:371:24:371:63:371:63:371:Infinity":26,"b:372:8:374:Infinity:undefined:undefined:undefined:undefined":27,"s:372:8:374:Infinity":65,"s:373:10:373:Infinity":66,"s:381:25:381:Infinity":67,"s:382:24:382:Infinity":68,"s:384:4:388:Infinity":69,"s:391:4:391:Infinity":70,"f:399:22:399:Infinity":3,"s:403:17:403:Infinity":71,"s:404:16:404:Infinity":72,"b:404:16:404:57:404:57:404:Infinity":28,"s:405:18:405:Infinity":73,"b:405:18:405:62:405:62:405:Infinity":29,"s:407:2:500:Infinity":74,"s:408:21:425:Infinity":75,"b:427:4:429:Infinity:undefined:undefined:undefined:undefined":30,"s:427:4:429:Infinity":76,"s:428:6:428:Infinity":77,"b:431:4:433:Infinity:undefined:undefined:undefined:undefined":31,"s:431:4:433:Infinity":78,"s:432:6:432:Infinity":79,"s:435:19:435:Infinity":80,"s:436:20:436:Infinity":81,"s:437:17:437:Infinity":82,"s:438:29:438:Infinity":83,"s:440:4:496:Infinity":84,"s:441:6:472:Infinity":85,"s:442:32:442:Infinity":86,"b:444:8:444:Infinity:undefined:undefined:undefined:undefined":32,"s:444:8:444:Infinity":87,"s:444:18:444:Infinity":88,"s:446:22:446:Infinity":89,"s:447:8:447:Infinity":90,"s:449:22:449:Infinity":91,"s:450:8:450:Infinity":92,"b:450:17:450:32:450:32:450:Infinity":33,"s:452:8:471:Infinity":93,"s:453:26:453:Infinity":94,"b:454:10:454:Infinity:undefined:undefined:undefined:undefined":34,"s:454:10:454:Infinity":95,"b:454:14:454:26:454:26:454:54":35,"s:454:54:454:Infinity":96,"b:456:10:470:Infinity:undefined:undefined:undefined:undefined":36,"s:456:10:470:Infinity":97,"s:457:25:457:Infinity":98,"s:459:12:469:Infinity":99,"s:460:29:460:Infinity":100,"s:461:30:461:Infinity":101,"b:461:30:461:69:461:69:461:Infinity":37,"b:463:14:466:Infinity:undefined:undefined:undefined:undefined":38,"s:463:14:466:Infinity":102,"s:464:16:464:Infinity":103,"s:465:16:465:Infinity":104,"b:475:6:487:Infinity:undefined:undefined:undefined:undefined":39,"s:475:6:487:Infinity":105,"b:475:10:475:27:475:27:475:56":40,"s:476:21:476:Infinity":106,"s:477:8:486:Infinity":107,"s:478:25:478:Infinity":108,"s:479:26:479:Infinity":109,"b:479:26:479:65:479:65:479:Infinity":41,"b:480:10:483:Infinity:undefined:undefined:undefined:undefined":42,"s:480:10:483:Infinity":110,"s:481:12:481:Infinity":111,"s:482:12:482:Infinity":112,"s:490:27:490:Infinity":113,"s:491:26:491:Infinity":114,"s:492:6:492:Infinity":115,"s:495:6:495:Infinity":116,"s:499:4:499:Infinity":117,"b:499:49:499:57:499:57:499:81":43,"f:506:16:506:48":4,"s:507:2:509:Infinity":118,"b:507:9:507:Infinity:508:9:508:Infinity:509:9:509:Infinity":44}}}
,"D:\\project\\Clone\\ck\\claudekit-chatbot-astro\\src\\lib\\workflow-recommendation-engine.ts": {"path":"D:\\project\\Clone\\ck\\claudekit-chatbot-astro\\src\\lib\\workflow-recommendation-engine.ts","statementMap":{"0":{"start":{"line":27,"column":21},"end":{"line":27,"column":null}},"1":{"start":{"line":30,"column":25},"end":{"line":34,"column":null}},"2":{"start":{"line":37,"column":24},"end":{"line":40,"column":null}},"3":{"start":{"line":42,"column":21},"end":{"line":42,"column":null}},"4":{"start":{"line":42,"column":46},"end":{"line":42,"column":68}},"5":{"start":{"line":43,"column":20},"end":{"line":43,"column":null}},"6":{"start":{"line":43,"column":44},"end":{"line":43,"column":66}},"7":{"start":{"line":45,"column":2},"end":{"line":51,"column":null}},"8":{"start":{"line":46,"column":4},"end":{"line":50,"column":null}},"9":{"start":{"line":53,"column":2},"end":{"line":59,"column":null}},"10":{"start":{"line":54,"column":4},"end":{"line":58,"column":null}},"11":{"start":{"line":61,"column":2},"end":{"line":65,"column":null}},"12":{"start":{"line":73,"column":19},"end":{"line":73,"column":null}},"13":{"start":{"line":76,"column":2},"end":{"line":86,"column":null}},"14":{"start":{"line":77,"column":10},"end":{"line":77,"column":null}},"15":{"start":{"line":78,"column":4},"end":{"line":85,"column":null}},"16":{"start":{"line":79,"column":6},"end":{"line":84,"column":null}},"17":{"start":{"line":90,"column":2},"end":{"line":90,"column":null}},"18":{"start":{"line":98,"column":8},"end":{"line":98,"column":null}},"19":{"start":{"line":99,"column":2},"end":{"line":99,"column":null}},"20":{"start":{"line":99,"column":29},"end":{"line":99,"column":47}},"21":{"start":{"line":119,"column":2},"end":{"line":135,"column":null}},"22":{"start":{"line":122,"column":36},"end":{"line":128,"column":6}}},"fnMap":{"0":{"name":"analyzeTaskComplexity","decl":{"start":{"line":22,"column":16},"end":{"line":22,"column":38}},"loc":{"start":{"line":26,"column":2},"end":{"line":66,"column":null}},"line":26},"1":{"name":"(anonymous_1)","decl":{"start":{"line":42,"column":41},"end":{"line":42,"column":46}},"loc":{"start":{"line":42,"column":46},"end":{"line":42,"column":68}},"line":42},"2":{"name":"(anonymous_2)","decl":{"start":{"line":43,"column":39},"end":{"line":43,"column":44}},"loc":{"start":{"line":43,"column":44},"end":{"line":43,"column":66}},"line":43},"3":{"name":"getSmartRecommendation","decl":{"start":{"line":69,"column":16},"end":{"line":69,"column":null}},"loc":{"start":{"line":72,"column":30},"end":{"line":91,"column":null}},"line":72},"4":{"name":"getAlternativeWorkflows","decl":{"start":{"line":94,"column":16},"end":{"line":94,"column":null}},"loc":{"start":{"line":97,"column":14},"end":{"line":100,"column":null}},"line":97},"5":{"name":"(anonymous_5)","decl":{"start":{"line":99,"column":24},"end":{"line":99,"column":29}},"loc":{"start":{"line":99,"column":29},"end":{"line":99,"column":47}},"line":99},"6":{"name":"formatWorkflowForDisplay","decl":{"start":{"line":103,"column":16},"end":{"line":103,"column":41}},"loc":{"start":{"line":118,"column":2},"end":{"line":136,"column":null}},"line":118},"7":{"name":"(anonymous_7)","decl":{"start":{"line":122,"column":30},"end":{"line":122,"column":36}},"loc":{"start":{"line":122,"column":36},"end":{"line":128,"column":6}},"line":122}},"branchMap":{"0":{"loc":{"start":{"line":45,"column":2},"end":{"line":51,"column":null}},"type":"if","locations":[{"start":{"line":45,"column":2},"end":{"line":51,"column":null}},{"start":{},"end":{}}],"line":45},"1":{"loc":{"start":{"line":53,"column":2},"end":{"line":59,"column":null}},"type":"if","locations":[{"start":{"line":53,"column":2},"end":{"line":59,"column":null}},{"start":{},"end":{}}],"line":53},"2":{"loc":{"start":{"line":76,"column":2},"end":{"line":86,"column":null}},"type":"if","locations":[{"start":{"line":76,"column":2},"end":{"line":86,"column":null}},{"start":{},"end":{}}],"line":76},"3":{"loc":{"start":{"line":76,"column":6},"end":{"line":76,"column":54}},"type":"binary-expr","locations":[{"start":{"line":76,"column":6},"end":{"line":76,"column":32}},{"start":{"line":76,"column":15},"end":{"line":76,"column":54}}],"line":76},"4":{"loc":{"start":{"line":78,"column":4},"end":{"line":85,"column":null}},"type":"if","locations":[{"start":{"line":78,"column":4},"end":{"line":85,"column":null}},{"start":{},"end":{}}],"line":78},"5":{"loc":{"start":{"line":126,"column":13},"end":{"line":126,"column":null}},"type":"cond-expr","locations":[{"start":{"line":126,"column":25},"end":{"line":126,"column":38}},{"start":{"line":126,"column":38},"end":{"line":126,"column":null}}],"line":126},"6":{"loc":{"start":{"line":126,"column":38},"end":{"line":126,"column":null}},"type":"cond-expr","locations":[{"start":{"line":126,"column":51},"end":{"line":126,"column":63}},{"start":{"line":126,"column":63},"end":{"line":126,"column":null}}],"line":126},"7":{"loc":{"start":{"line":132,"column":11},"end":{"line":133,"column":null}},"type":"cond-expr","locations":[{"start":{"line":132,"column":37},"end":{"line":132,"column":null}},{"start":{"line":133,"column":11},"end":{"line":133,"column":null}}],"line":132},"8":{"loc":{"start":{"line":133,"column":11},"end":{"line":133,"column":null}},"type":"cond-expr","locations":[{"start":{"line":133,"column":41},"end":{"line":133,"column":58}},{"start":{"line":133,"column":58},"end":{"line":133,"column":null}}],"line":133}},"s":{"0":34,"1":34,"2":34,"3":34,"4":354,"5":34,"6":253,"7":34,"8":21,"9":13,"10":5,"11":8,"12":9,"13":9,"14":7,"15":7,"16":7,"17":2,"18":5,"19":5,"20":6,"21":8,"22":49},"f":{"0":34,"1":354,"2":253,"3":9,"4":5,"5":6,"6":8,"7":49},"b":{"0":[21,13],"1":[5,8],"2":[7,2],"3":[9,4],"4":[7,0],"5":[7,42],"6":[0,42],"7":[1,7],"8":[6,1]},"meta":{"lastBranch":9,"lastFunction":8,"lastStatement":23,"seen":{"f:22:16:22:38":0,"s:27:21:27:Infinity":0,"s:30:25:34:Infinity":1,"s:37:24:40:Infinity":2,"s:42:21:42:Infinity":3,"f:42:41:42:46":1,"s:42:46:42:68":4,"s:43:20:43:Infinity":5,"f:43:39:43:44":2,"s:43:44:43:66":6,"b:45:2:51:Infinity:undefined:undefined:undefined:undefined":0,"s:45:2:51:Infinity":7,"s:46:4:50:Infinity":8,"b:53:2:59:Infinity:undefined:undefined:undefined:undefined":1,"s:53:2:59:Infinity":9,"s:54:4:58:Infinity":10,"s:61:2:65:Infinity":11,"f:69:16:69:Infinity":3,"s:73:19:73:Infinity":12,"b:76:2:86:Infinity:undefined:undefined:undefined:undefined":2,"s:76:2:86:Infinity":13,"b:76:6:76:32:76:15:76:54":3,"s:77:10:77:Infinity":14,"b:78:4:85:Infinity:undefined:undefined:undefined:undefined":4,"s:78:4:85:Infinity":15,"s:79:6:84:Infinity":16,"s:90:2:90:Infinity":17,"f:94:16:94:Infinity":4,"s:98:8:98:Infinity":18,"s:99:2:99:Infinity":19,"f:99:24:99:29":5,"s:99:29:99:47":20,"f:103:16:103:41":6,"s:119:2:135:Infinity":21,"f:122:30:122:36":7,"s:122:36:128:6":22,"b:126:25:126:38:126:38:126:Infinity":5,"b:126:51:126:63:126:63:126:Infinity":6,"b:132:37:132:Infinity:133:11:133:Infinity":7,"b:133:41:133:58:133:58:133:Infinity":8}}}
,"D:\\project\\Clone\\ck\\claudekit-chatbot-astro\\src\\lib\\workflows.ts": {"path":"D:\\project\\Clone\\ck\\claudekit-chatbot-astro\\src\\lib\\workflows.ts","statementMap":{"0":{"start":{"line":26,"column":37},"end":{"line":560,"column":null}},"1":{"start":{"line":564,"column":2},"end":{"line":564,"column":null}},"2":{"start":{"line":564,"column":31},"end":{"line":564,"column":64}},"3":{"start":{"line":569,"column":21},"end":{"line":569,"column":null}},"4":{"start":{"line":570,"column":59},"end":{"line":570,"column":null}},"5":{"start":{"line":572,"column":2},"end":{"line":597,"column":null}},"6":{"start":{"line":573,"column":16},"end":{"line":573,"column":null}},"7":{"start":{"line":576,"column":4},"end":{"line":580,"column":null}},"8":{"start":{"line":577,"column":6},"end":{"line":579,"column":null}},"9":{"start":{"line":578,"column":8},"end":{"line":578,"column":null}},"10":{"start":{"line":583,"column":4},"end":{"line":587,"column":null}},"11":{"start":{"line":584,"column":6},"end":{"line":586,"column":null}},"12":{"start":{"line":585,"column":8},"end":{"line":585,"column":null}},"13":{"start":{"line":590,"column":4},"end":{"line":592,"column":null}},"14":{"start":{"line":591,"column":6},"end":{"line":591,"column":null}},"15":{"start":{"line":594,"column":4},"end":{"line":596,"column":null}},"16":{"start":{"line":595,"column":6},"end":{"line":595,"column":null}},"17":{"start":{"line":599,"column":2},"end":{"line":599,"column":null}},"18":{"start":{"line":599,"column":25},"end":{"line":599,"column":42}},"19":{"start":{"line":600,"column":2},"end":{"line":600,"column":null}},"20":{"start":{"line":600,"column":26},"end":{"line":600,"column":36}},"21":{"start":{"line":605,"column":28},"end":{"line":610,"column":null}},"22":{"start":{"line":612,"column":21},"end":{"line":612,"column":null}},"23":{"start":{"line":613,"column":2},"end":{"line":613,"column":null}},"24":{"start":{"line":613,"column":45},"end":{"line":613,"column":75}},"25":{"start":{"line":618,"column":18},"end":{"line":618,"column":null}},"26":{"start":{"line":619,"column":2},"end":{"line":619,"column":null}}},"fnMap":{"0":{"name":"getWorkflowsByKit","decl":{"start":{"line":563,"column":16},"end":{"line":563,"column":34}},"loc":{"start":{"line":563,"column":86},"end":{"line":565,"column":null}},"line":563},"1":{"name":"(anonymous_1)","decl":{"start":{"line":564,"column":26},"end":{"line":564,"column":31}},"loc":{"start":{"line":564,"column":31},"end":{"line":564,"column":64}},"line":564},"2":{"name":"findMatchingWorkflows","decl":{"start":{"line":568,"column":16},"end":{"line":568,"column":38}},"loc":{"start":{"line":568,"column":65},"end":{"line":601,"column":null}},"line":568},"3":{"name":"(anonymous_3)","decl":{"start":{"line":599,"column":15},"end":{"line":599,"column":16}},"loc":{"start":{"line":599,"column":25},"end":{"line":599,"column":42}},"line":599},"4":{"name":"(anonymous_4)","decl":{"start":{"line":600,"column":21},"end":{"line":600,"column":26}},"loc":{"start":{"line":600,"column":26},"end":{"line":600,"column":36}},"line":600},"5":{"name":"needsWorkflow","decl":{"start":{"line":604,"column":16},"end":{"line":604,"column":30}},"loc":{"start":{"line":604,"column":54},"end":{"line":614,"column":null}},"line":604},"6":{"name":"(anonymous_6)","decl":{"start":{"line":613,"column":32},"end":{"line":613,"column":45}},"loc":{"start":{"line":613,"column":45},"end":{"line":613,"column":75}},"line":613},"7":{"name":"getPrimaryWorkflow","decl":{"start":{"line":617,"column":16},"end":{"line":617,"column":35}},"loc":{"start":{"line":617,"column":67},"end":{"line":620,"column":null}},"line":617}},"branchMap":{"0":{"loc":{"start":{"line":564,"column":31},"end":{"line":564,"column":64}},"type":"binary-expr","locations":[{"start":{"line":564,"column":31},"end":{"line":564,"column":48}},{"start":{"line":564,"column":48},"end":{"line":564,"column":64}}],"line":564},"1":{"loc":{"start":{"line":577,"column":6},"end":{"line":579,"column":null}},"type":"if","locations":[{"start":{"line":577,"column":6},"end":{"line":579,"column":null}},{"start":{},"end":{}}],"line":577},"2":{"loc":{"start":{"line":584,"column":6},"end":{"line":586,"column":null}},"type":"if","locations":[{"start":{"line":584,"column":6},"end":{"line":586,"column":null}},{"start":{},"end":{}}],"line":584},"3":{"loc":{"start":{"line":590,"column":4},"end":{"line":592,"column":null}},"type":"if","locations":[{"start":{"line":590,"column":4},"end":{"line":592,"column":null}},{"start":{},"end":{}}],"line":590},"4":{"loc":{"start":{"line":594,"column":4},"end":{"line":596,"column":null}},"type":"if","locations":[{"start":{"line":594,"column":4},"end":{"line":596,"column":null}},{"start":{},"end":{}}],"line":594},"5":{"loc":{"start":{"line":619,"column":9},"end":{"line":619,"column":null}},"type":"binary-expr","locations":[{"start":{"line":619,"column":9},"end":{"line":619,"column":23}},{"start":{"line":619,"column":23},"end":{"line":619,"column":null}}],"line":619}},"s":{"0":2,"1":5,"2":60,"3":35,"4":35,"5":35,"6":420,"7":420,"8":2065,"9":72,"10":420,"11":1260,"12":4,"13":420,"14":11,"15":420,"16":53,"17":35,"18":23,"19":35,"20":53,"21":40,"22":40,"23":40,"24":470,"25":16,"26":16},"f":{"0":5,"1":60,"2":35,"3":23,"4":53,"5":40,"6":470,"7":16},"b":{"0":[60,37],"1":[72,1993],"2":[4,1256],"3":[11,409],"4":[53,367],"5":[16,1]},"meta":{"lastBranch":6,"lastFunction":8,"lastStatement":27,"seen":{"s:26:37:560:Infinity":0,"f:563:16:563:34":0,"s:564:2:564:Infinity":1,"f:564:26:564:31":1,"s:564:31:564:64":2,"b:564:31:564:48:564:48:564:64":0,"f:568:16:568:38":2,"s:569:21:569:Infinity":3,"s:570:59:570:Infinity":4,"s:572:2:597:Infinity":5,"s:573:16:573:Infinity":6,"s:576:4:580:Infinity":7,"b:577:6:579:Infinity:undefined:undefined:undefined:undefined":1,"s:577:6:579:Infinity":8,"s:578:8:578:Infinity":9,"s:583:4:587:Infinity":10,"b:584:6:586:Infinity:undefined:undefined:undefined:undefined":2,"s:584:6:586:Infinity":11,"s:585:8:585:Infinity":12,"b:590:4:592:Infinity:undefined:undefined:undefined:undefined":3,"s:590:4:592:Infinity":13,"s:591:6:591:Infinity":14,"b:594:4:596:Infinity:undefined:undefined:undefined:undefined":4,"s:594:4:596:Infinity":15,"s:595:6:595:Infinity":16,"s:599:2:599:Infinity":17,"f:599:15:599:16":3,"s:599:25:599:42":18,"s:600:2:600:Infinity":19,"f:600:21:600:26":4,"s:600:26:600:36":20,"f:604:16:604:30":5,"s:605:28:610:Infinity":21,"s:612:21:612:Infinity":22,"s:613:2:613:Infinity":23,"f:613:32:613:45":6,"s:613:45:613:75":24,"f:617:16:617:35":7,"s:618:18:618:Infinity":25,"s:619:2:619:Infinity":26,"b:619:9:619:23:619:23:619:Infinity":5}}}
}
